mobile/build/intermediates/manifest_merge_blame_file/debug/processDebugMainManifest/manifest-merger-blame-debug-report.txt
1<?xml version="1.0" encoding="utf-8"?>
2<manifest xmlns:android="http://schemas.android.com/apk/res/android"
3    package="com.example.motionwatch"
4    android:versionCode="1"
5    android:versionName="1.0" >
6
7    <uses-sdk
8        android:minSdkVersion="30"
9        android:targetSdkVersion="34" />
10
11    <uses-permission android:name="android.permission.FOREGROUND_SERVICE_DATA_SYNC" />
11-->src/main/AndroidManifest.xml:5:5-87
11-->src/main/AndroidManifest.xml:5:22-84
12
13    <!-- Required for foreground logging + notifications -->
14    <uses-permission android:name="android.permission.FOREGROUND_SERVICE" />
14-->src/main/AndroidManifest.xml:9:5-77
14-->src/main/AndroidManifest.xml:9:22-74
15    <uses-permission android:name="android.permission.POST_NOTIFICATIONS" />
15-->src/main/AndroidManifest.xml:10:5-77
15-->src/main/AndroidManifest.xml:10:22-74
16    <uses-permission android:name="android.permission.WAKE_LOCK" />
16-->src/main/AndroidManifest.xml:11:5-68
16-->src/main/AndroidManifest.xml:11:22-65
17    <uses-permission android:name="android.permission.INTERNET" />
17-->[com.google.firebase:firebase-auth:23.2.0] AndroidManifest.xml:25:5-67
17-->[com.google.firebase:firebase-auth:23.2.0] AndroidManifest.xml:25:22-64
18    <uses-permission android:name="android.permission.ACCESS_NETWORK_STATE" />
18-->[com.google.firebase:firebase-auth:23.2.0] AndroidManifest.xml:26:5-79
18-->[com.google.firebase:firebase-auth:23.2.0] AndroidManifest.xml:26:22-76
19    <uses-permission android:name="com.google.android.providers.gsf.permission.READ_GSERVICES" />
19-->[com.google.android.recaptcha:recaptcha:18.6.1] AndroidManifest.xml:9:5-98
19-->[com.google.android.recaptcha:recaptcha:18.6.1] AndroidManifest.xml:9:22-95
20
21    <permission
21-->[androidx.core:core:1.13.1] AndroidManifest.xml:22:5-24:47
22        android:name="com.example.motionwatch.DYNAMIC_RECEIVER_NOT_EXPORTED_PERMISSION"
22-->[androidx.core:core:1.13.1] AndroidManifest.xml:23:9-81
23        android:protectionLevel="signature" />
23-->[androidx.core:core:1.13.1] AndroidManifest.xml:24:9-44
24
25    <uses-permission android:name="com.example.motionwatch.DYNAMIC_RECEIVER_NOT_EXPORTED_PERMISSION" />
25-->[androidx.core:core:1.13.1] AndroidManifest.xml:26:5-97
25-->[androidx.core:core:1.13.1] AndroidManifest.xml:26:22-94
26
27    <application
27-->src/main/AndroidManifest.xml:13:5-77:19
28        android:allowBackup="true"
28-->src/main/AndroidManifest.xml:14:9-35
29        android:appComponentFactory="androidx.core.app.CoreComponentFactory"
29-->[androidx.core:core:1.13.1] AndroidManifest.xml:28:18-86
30        android:dataExtractionRules="@xml/data_extraction_rules"
30-->src/main/AndroidManifest.xml:15:9-65
31        android:debuggable="true"
32        android:extractNativeLibs="false"
33        android:fullBackupContent="@xml/backup_rules"
33-->src/main/AndroidManifest.xml:16:9-54
34        android:icon="@mipmap/ic_launcher"
34-->src/main/AndroidManifest.xml:17:9-43
35        android:label="@string/app_name"
35-->src/main/AndroidManifest.xml:18:9-41
36        android:roundIcon="@mipmap/ic_launcher_round"
36-->src/main/AndroidManifest.xml:19:9-54
37        android:supportsRtl="true"
37-->src/main/AndroidManifest.xml:20:9-35
38        android:testOnly="true"
39        android:theme="@style/Theme.MotionWatch" >
39-->src/main/AndroidManifest.xml:21:9-49
40        <activity
40-->src/main/AndroidManifest.xml:24:9-31:20
41            android:name="com.example.motionwatch.MainActivity"
41-->src/main/AndroidManifest.xml:25:13-41
42            android:exported="true" >
42-->src/main/AndroidManifest.xml:26:13-36
43            <intent-filter>
43-->src/main/AndroidManifest.xml:27:13-30:29
44                <action android:name="android.intent.action.MAIN" />
44-->src/main/AndroidManifest.xml:28:17-69
44-->src/main/AndroidManifest.xml:28:25-66
45
46                <category android:name="android.intent.category.LAUNCHER" />
46-->src/main/AndroidManifest.xml:29:17-77
46-->src/main/AndroidManifest.xml:29:27-74
47            </intent-filter>
48        </activity>
49        <activity
49-->src/main/AndroidManifest.xml:33:9-35:40
50            android:name="com.example.motionwatch.WearActivity"
50-->src/main/AndroidManifest.xml:34:13-41
51            android:exported="false" />
51-->src/main/AndroidManifest.xml:35:13-37
52
53        <!-- Phone sensor logging service (foreground) -->
54        <service
54-->src/main/AndroidManifest.xml:38:9-40:56
55            android:name="com.example.motionwatch.SensorLoggerService"
55-->src/main/AndroidManifest.xml:38:18-53
56            android:exported="false"
56-->src/main/AndroidManifest.xml:39:13-37
57            android:foregroundServiceType="dataSync" />
57-->src/main/AndroidManifest.xml:40:13-53
58
59        <!-- Receive START/STOP commands from watch (MessageClient) -->
60        <service
60-->src/main/AndroidManifest.xml:43:9-50:19
61            android:name="com.example.motionwatch.WearCommandService"
61-->src/main/AndroidManifest.xml:44:13-47
62            android:exported="true" >
62-->src/main/AndroidManifest.xml:45:13-36
63            <intent-filter>
63-->src/main/AndroidManifest.xml:47:13-49:29
64                <action android:name="com.google.android.gms.wearable.BIND_LISTENER" />
64-->src/main/AndroidManifest.xml:48:17-88
64-->src/main/AndroidManifest.xml:48:25-85
65            </intent-filter>
66        </service>
67
68        <!-- Receive CSV file stream from watch (ChannelClient) -->
69        <service
69-->src/main/AndroidManifest.xml:57:9-64:19
70            android:name="com.example.motionwatch.FileReceiverService"
70-->src/main/AndroidManifest.xml:58:13-48
71            android:exported="true" >
71-->src/main/AndroidManifest.xml:59:13-36
72            <intent-filter>
72-->src/main/AndroidManifest.xml:47:13-49:29
73                <action android:name="com.google.android.gms.wearable.BIND_LISTENER" />
73-->src/main/AndroidManifest.xml:48:17-88
73-->src/main/AndroidManifest.xml:48:25-85
74            </intent-filter>
75        </service>
76
77        <!-- FileProvider for sharing/exporting CSV files -->
78        <provider
79            android:name="androidx.core.content.FileProvider"
79-->src/main/AndroidManifest.xml:68:13-62
80            android:authorities="com.example.motionwatch.provider"
80-->src/main/AndroidManifest.xml:69:13-60
81            android:exported="false"
81-->src/main/AndroidManifest.xml:70:13-37
82            android:grantUriPermissions="true" >
82-->src/main/AndroidManifest.xml:71:13-47
83            <meta-data
83-->src/main/AndroidManifest.xml:72:13-74:54
84                android:name="android.support.FILE_PROVIDER_PATHS"
84-->src/main/AndroidManifest.xml:73:17-67
85                android:resource="@xml/file_paths" />
85-->src/main/AndroidManifest.xml:74:17-51
86        </provider>
87
88        <activity
88-->[com.google.firebase:firebase-auth:23.2.0] AndroidManifest.xml:29:9-46:20
89            android:name="com.google.firebase.auth.internal.GenericIdpActivity"
89-->[com.google.firebase:firebase-auth:23.2.0] AndroidManifest.xml:30:13-80
90            android:excludeFromRecents="true"
90-->[com.google.firebase:firebase-auth:23.2.0] AndroidManifest.xml:31:13-46
91            android:exported="true"
91-->[com.google.firebase:firebase-auth:23.2.0] AndroidManifest.xml:32:13-36
92            android:launchMode="singleTask"
92-->[com.google.firebase:firebase-auth:23.2.0] AndroidManifest.xml:33:13-44
93            android:theme="@android:style/Theme.Translucent.NoTitleBar" >
93-->[com.google.firebase:firebase-auth:23.2.0] AndroidManifest.xml:34:13-72
94            <intent-filter>
94-->[com.google.firebase:firebase-auth:23.2.0] AndroidManifest.xml:35:13-45:29
95                <action android:name="android.intent.action.VIEW" />
95-->[com.google.firebase:firebase-auth:23.2.0] AndroidManifest.xml:36:17-69
95-->[com.google.firebase:firebase-auth:23.2.0] AndroidManifest.xml:36:25-66
96
97                <category android:name="android.intent.category.DEFAULT" />
97-->[com.google.firebase:firebase-auth:23.2.0] AndroidManifest.xml:38:17-76
97-->[com.google.firebase:firebase-auth:23.2.0] AndroidManifest.xml:38:27-73
98                <category android:name="android.intent.category.BROWSABLE" />
98-->[com.google.firebase:firebase-auth:23.2.0] AndroidManifest.xml:39:17-78
98-->[com.google.firebase:firebase-auth:23.2.0] AndroidManifest.xml:39:27-75
99
100                <data
100-->[com.google.firebase:firebase-auth:23.2.0] AndroidManifest.xml:41:17-44:51
101                    android:host="firebase.auth"
101-->[com.google.firebase:firebase-auth:23.2.0] AndroidManifest.xml:42:21-49
102                    android:path="/"
102-->[com.google.firebase:firebase-auth:23.2.0] AndroidManifest.xml:43:21-37
103                    android:scheme="genericidp" />
103-->[com.google.firebase:firebase-auth:23.2.0] AndroidManifest.xml:44:21-48
104            </intent-filter>
105        </activity>
106        <activity
106-->[com.google.firebase:firebase-auth:23.2.0] AndroidManifest.xml:47:9-64:20
107            android:name="com.google.firebase.auth.internal.RecaptchaActivity"
107-->[com.google.firebase:firebase-auth:23.2.0] AndroidManifest.xml:48:13-79
108            android:excludeFromRecents="true"
108-->[com.google.firebase:firebase-auth:23.2.0] AndroidManifest.xml:49:13-46
109            android:exported="true"
109-->[com.google.firebase:firebase-auth:23.2.0] AndroidManifest.xml:50:13-36
110            android:launchMode="singleTask"
110-->[com.google.firebase:firebase-auth:23.2.0] AndroidManifest.xml:51:13-44
111            android:theme="@android:style/Theme.Translucent.NoTitleBar" >
111-->[com.google.firebase:firebase-auth:23.2.0] AndroidManifest.xml:52:13-72
112            <intent-filter>
112-->[com.google.firebase:firebase-auth:23.2.0] AndroidManifest.xml:53:13-63:29
113                <action android:name="android.intent.action.VIEW" />
113-->[com.google.firebase:firebase-auth:23.2.0] AndroidManifest.xml:36:17-69
113-->[com.google.firebase:firebase-auth:23.2.0] AndroidManifest.xml:36:25-66
114
115                <category android:name="android.intent.category.DEFAULT" />
115-->[com.google.firebase:firebase-auth:23.2.0] AndroidManifest.xml:38:17-76
115-->[com.google.firebase:firebase-auth:23.2.0] AndroidManifest.xml:38:27-73
116                <category android:name="android.intent.category.BROWSABLE" />
116-->[com.google.firebase:firebase-auth:23.2.0] AndroidManifest.xml:39:17-78
116-->[com.google.firebase:firebase-auth:23.2.0] AndroidManifest.xml:39:27-75
117
118                <data
118-->[com.google.firebase:firebase-auth:23.2.0] AndroidManifest.xml:41:17-44:51
119                    android:host="firebase.auth"
119-->[com.google.firebase:firebase-auth:23.2.0] AndroidManifest.xml:42:21-49
120                    android:path="/"
120-->[com.google.firebase:firebase-auth:23.2.0] AndroidManifest.xml:43:21-37
121                    android:scheme="recaptcha" />
121-->[com.google.firebase:firebase-auth:23.2.0] AndroidManifest.xml:44:21-48
122            </intent-filter>
123        </activity>
124
125        <service
125-->[com.google.firebase:firebase-auth:23.2.0] AndroidManifest.xml:66:9-72:19
126            android:name="com.google.firebase.components.ComponentDiscoveryService"
126-->[com.google.firebase:firebase-auth:23.2.0] AndroidManifest.xml:67:13-84
127            android:directBootAware="true"
127-->[com.google.firebase:firebase-common:21.0.0] AndroidManifest.xml:32:13-43
128            android:exported="false" >
128-->[com.google.firebase:firebase-auth:23.2.0] AndroidManifest.xml:68:13-37
129            <meta-data
129-->[com.google.firebase:firebase-auth:23.2.0] AndroidManifest.xml:69:13-71:85
130                android:name="com.google.firebase.components:com.google.firebase.auth.FirebaseAuthRegistrar"
130-->[com.google.firebase:firebase-auth:23.2.0] AndroidManifest.xml:70:17-109
131                android:value="com.google.firebase.components.ComponentRegistrar" />
131-->[com.google.firebase:firebase-auth:23.2.0] AndroidManifest.xml:71:17-82
132            <meta-data
132-->[com.google.firebase:firebase-firestore:25.1.2] AndroidManifest.xml:17:13-19:85
133                android:name="com.google.firebase.components:com.google.firebase.firestore.FirebaseFirestoreKtxRegistrar"
133-->[com.google.firebase:firebase-firestore:25.1.2] AndroidManifest.xml:18:17-122
134                android:value="com.google.firebase.components.ComponentRegistrar" />
134-->[com.google.firebase:firebase-firestore:25.1.2] AndroidManifest.xml:19:17-82
135            <meta-data
135-->[com.google.firebase:firebase-firestore:25.1.2] AndroidManifest.xml:20:13-22:85
136                android:name="com.google.firebase.components:com.google.firebase.firestore.FirestoreRegistrar"
136-->[com.google.firebase:firebase-firestore:25.1.2] AndroidManifest.xml:21:17-111
137                android:value="com.google.firebase.components.ComponentRegistrar" />
137-->[com.google.firebase:firebase-firestore:25.1.2] AndroidManifest.xml:22:17-82
138            <meta-data
138-->[com.google.firebase:firebase-storage:21.0.1] AndroidManifest.xml:30:13-32:85
139                android:name="com.google.firebase.components:com.google.firebase.storage.FirebaseStorageKtxRegistrar"
139-->[com.google.firebase:firebase-storage:21.0.1] AndroidManifest.xml:31:17-118
140                android:value="com.google.firebase.components.ComponentRegistrar" />
140-->[com.google.firebase:firebase-storage:21.0.1] AndroidManifest.xml:32:17-82
141            <meta-data
141-->[com.google.firebase:firebase-storage:21.0.1] AndroidManifest.xml:33:13-35:85
142                android:name="com.google.firebase.components:com.google.firebase.storage.StorageRegistrar"
142-->[com.google.firebase:firebase-storage:21.0.1] AndroidManifest.xml:34:17-107
143                android:value="com.google.firebase.components.ComponentRegistrar" />
143-->[com.google.firebase:firebase-storage:21.0.1] AndroidManifest.xml:35:17-82
144            <meta-data
144-->[com.google.firebase:firebase-appcheck:18.0.0] AndroidManifest.xml:25:13-27:85
145                android:name="com.google.firebase.components:com.google.firebase.appcheck.FirebaseAppCheckKtxRegistrar"
145-->[com.google.firebase:firebase-appcheck:18.0.0] AndroidManifest.xml:26:17-120
146                android:value="com.google.firebase.components.ComponentRegistrar" />
146-->[com.google.firebase:firebase-appcheck:18.0.0] AndroidManifest.xml:27:17-82
147            <meta-data
147-->[com.google.firebase:firebase-appcheck:18.0.0] AndroidManifest.xml:28:13-30:85
148                android:name="com.google.firebase.components:com.google.firebase.appcheck.FirebaseAppCheckRegistrar"
148-->[com.google.firebase:firebase-appcheck:18.0.0] AndroidManifest.xml:29:17-117
149                android:value="com.google.firebase.components.ComponentRegistrar" />
149-->[com.google.firebase:firebase-appcheck:18.0.0] AndroidManifest.xml:30:17-82
150            <meta-data
150-->[com.google.firebase:firebase-common-ktx:21.0.0] AndroidManifest.xml:12:13-14:85
151                android:name="com.google.firebase.components:com.google.firebase.ktx.FirebaseCommonLegacyRegistrar"
151-->[com.google.firebase:firebase-common-ktx:21.0.0] AndroidManifest.xml:13:17-116
152                android:value="com.google.firebase.components.ComponentRegistrar" />
152-->[com.google.firebase:firebase-common-ktx:21.0.0] AndroidManifest.xml:14:17-82
153            <meta-data
153-->[com.google.firebase:firebase-common:21.0.0] AndroidManifest.xml:35:13-37:85
154                android:name="com.google.firebase.components:com.google.firebase.FirebaseCommonKtxRegistrar"
154-->[com.google.firebase:firebase-common:21.0.0] AndroidManifest.xml:36:17-109
155                android:value="com.google.firebase.components.ComponentRegistrar" />
155-->[com.google.firebase:firebase-common:21.0.0] AndroidManifest.xml:37:17-82
156        </service>
157        <service
157-->[androidx.credentials:credentials-play-services-auth:1.2.0-rc01] AndroidManifest.xml:24:9-32:19
158            android:name="androidx.credentials.playservices.CredentialProviderMetadataHolder"
158-->[androidx.credentials:credentials-play-services-auth:1.2.0-rc01] AndroidManifest.xml:25:13-94
159            android:enabled="true"
159-->[androidx.credentials:credentials-play-services-auth:1.2.0-rc01] AndroidManifest.xml:26:13-35
160            android:exported="false" >
160-->[androidx.credentials:credentials-play-services-auth:1.2.0-rc01] AndroidManifest.xml:27:13-37
161            <meta-data
161-->[androidx.credentials:credentials-play-services-auth:1.2.0-rc01] AndroidManifest.xml:29:13-31:104
162                android:name="androidx.credentials.CREDENTIAL_PROVIDER_KEY"
162-->[androidx.credentials:credentials-play-services-auth:1.2.0-rc01] AndroidManifest.xml:30:17-76
163                android:value="androidx.credentials.playservices.CredentialProviderPlayServicesImpl" />
163-->[androidx.credentials:credentials-play-services-auth:1.2.0-rc01] AndroidManifest.xml:31:17-101
164        </service>
165
166        <activity
166-->[androidx.credentials:credentials-play-services-auth:1.2.0-rc01] AndroidManifest.xml:34:9-41:20
167            android:name="androidx.credentials.playservices.HiddenActivity"
167-->[androidx.credentials:credentials-play-services-auth:1.2.0-rc01] AndroidManifest.xml:35:13-76
168            android:configChanges="orientation|screenSize|screenLayout|keyboardHidden"
168-->[androidx.credentials:credentials-play-services-auth:1.2.0-rc01] AndroidManifest.xml:36:13-87
169            android:enabled="true"
169-->[androidx.credentials:credentials-play-services-auth:1.2.0-rc01] AndroidManifest.xml:37:13-35
170            android:exported="false"
170-->[androidx.credentials:credentials-play-services-auth:1.2.0-rc01] AndroidManifest.xml:38:13-37
171            android:fitsSystemWindows="true"
171-->[androidx.credentials:credentials-play-services-auth:1.2.0-rc01] AndroidManifest.xml:39:13-45
172            android:theme="@style/Theme.Hidden" >
172-->[androidx.credentials:credentials-play-services-auth:1.2.0-rc01] AndroidManifest.xml:40:13-48
173        </activity>
174        <activity
174-->[com.google.android.gms:play-services-auth:20.7.0] AndroidManifest.xml:23:9-27:75
175            android:name="com.google.android.gms.auth.api.signin.internal.SignInHubActivity"
175-->[com.google.android.gms:play-services-auth:20.7.0] AndroidManifest.xml:24:13-93
176            android:excludeFromRecents="true"
176-->[com.google.android.gms:play-services-auth:20.7.0] AndroidManifest.xml:25:13-46
177            android:exported="false"
177-->[com.google.android.gms:play-services-auth:20.7.0] AndroidManifest.xml:26:13-37
178            android:theme="@android:style/Theme.Translucent.NoTitleBar" />
178-->[com.google.android.gms:play-services-auth:20.7.0] AndroidManifest.xml:27:13-72
179        <!--
180            Service handling Google Sign-In user revocation. For apps that do not integrate with
181            Google Sign-In, this service will never be started.
182        -->
183        <service
183-->[com.google.android.gms:play-services-auth:20.7.0] AndroidManifest.xml:33:9-37:51
184            android:name="com.google.android.gms.auth.api.signin.RevocationBoundService"
184-->[com.google.android.gms:play-services-auth:20.7.0] AndroidManifest.xml:34:13-89
185            android:exported="true"
185-->[com.google.android.gms:play-services-auth:20.7.0] AndroidManifest.xml:35:13-36
186            android:permission="com.google.android.gms.auth.api.signin.permission.REVOCATION_NOTIFICATION"
186-->[com.google.android.gms:play-services-auth:20.7.0] AndroidManifest.xml:36:13-107
187            android:visibleToInstantApps="true" />
187-->[com.google.android.gms:play-services-auth:20.7.0] AndroidManifest.xml:37:13-48
188
189        <activity
189-->[com.google.android.gms:play-services-base:18.5.0] AndroidManifest.xml:5:9-173
190            android:name="com.google.android.gms.common.api.GoogleApiActivity"
190-->[com.google.android.gms:play-services-base:18.5.0] AndroidManifest.xml:5:19-85
191            android:exported="false"
191-->[com.google.android.gms:play-services-base:18.5.0] AndroidManifest.xml:5:146-170
192            android:theme="@android:style/Theme.Translucent.NoTitleBar" />
192-->[com.google.android.gms:play-services-base:18.5.0] AndroidManifest.xml:5:86-145
193
194        <provider
194-->[com.google.firebase:firebase-common:21.0.0] AndroidManifest.xml:23:9-28:39
195            android:name="com.google.firebase.provider.FirebaseInitProvider"
195-->[com.google.firebase:firebase-common:21.0.0] AndroidManifest.xml:24:13-77
196            android:authorities="com.example.motionwatch.firebaseinitprovider"
196-->[com.google.firebase:firebase-common:21.0.0] AndroidManifest.xml:25:13-72
197            android:directBootAware="true"
197-->[com.google.firebase:firebase-common:21.0.0] AndroidManifest.xml:26:13-43
198            android:exported="false"
198-->[com.google.firebase:firebase-common:21.0.0] AndroidManifest.xml:27:13-37
199            android:initOrder="100" />
199-->[com.google.firebase:firebase-common:21.0.0] AndroidManifest.xml:28:13-36
200        <provider
200-->[androidx.emoji2:emoji2:1.3.0] AndroidManifest.xml:24:9-32:20
201            android:name="androidx.startup.InitializationProvider"
201-->[androidx.emoji2:emoji2:1.3.0] AndroidManifest.xml:25:13-67
202            android:authorities="com.example.motionwatch.androidx-startup"
202-->[androidx.emoji2:emoji2:1.3.0] AndroidManifest.xml:26:13-68
203            android:exported="false" >
203-->[androidx.emoji2:emoji2:1.3.0] AndroidManifest.xml:27:13-37
204            <meta-data
204-->[androidx.emoji2:emoji2:1.3.0] AndroidManifest.xml:29:13-31:52
205                android:name="androidx.emoji2.text.EmojiCompatInitializer"
205-->[androidx.emoji2:emoji2:1.3.0] AndroidManifest.xml:30:17-75
206                android:value="androidx.startup" />
206-->[androidx.emoji2:emoji2:1.3.0] AndroidManifest.xml:31:17-49
207            <meta-data
207-->[androidx.lifecycle:lifecycle-process:2.6.2] AndroidManifest.xml:29:13-31:52
208                android:name="androidx.lifecycle.ProcessLifecycleInitializer"
208-->[androidx.lifecycle:lifecycle-process:2.6.2] AndroidManifest.xml:30:17-78
209                android:value="androidx.startup" />
209-->[androidx.lifecycle:lifecycle-process:2.6.2] AndroidManifest.xml:31:17-49
210            <meta-data
210-->[androidx.profileinstaller:profileinstaller:1.4.0] AndroidManifest.xml:29:13-31:52
211                android:name="androidx.profileinstaller.ProfileInstallerInitializer"
211-->[androidx.profileinstaller:profileinstaller:1.4.0] AndroidManifest.xml:30:17-85
212                android:value="androidx.startup" />
212-->[androidx.profileinstaller:profileinstaller:1.4.0] AndroidManifest.xml:31:17-49
213        </provider>
214
215        <meta-data
215-->[com.google.android.gms:play-services-basement:18.4.0] AndroidManifest.xml:6:9-122
216            android:name="com.google.android.gms.version"
216-->[com.google.android.gms:play-services-basement:18.4.0] AndroidManifest.xml:6:20-65
217            android:value="@integer/google_play_services_version" />
217-->[com.google.android.gms:play-services-basement:18.4.0] AndroidManifest.xml:6:66-119
218
219        <receiver
219-->[androidx.profileinstaller:profileinstaller:1.4.0] AndroidManifest.xml:34:9-52:20
220            android:name="androidx.profileinstaller.ProfileInstallReceiver"
220-->[androidx.profileinstaller:profileinstaller:1.4.0] AndroidManifest.xml:35:13-76
221            android:directBootAware="false"
221-->[androidx.profileinstaller:profileinstaller:1.4.0] AndroidManifest.xml:36:13-44
222            android:enabled="true"
222-->[androidx.profileinstaller:profileinstaller:1.4.0] AndroidManifest.xml:37:13-35
223            android:exported="true"
223-->[androidx.profileinstaller:profileinstaller:1.4.0] AndroidManifest.xml:38:13-36
224            android:permission="android.permission.DUMP" >
224-->[androidx.profileinstaller:profileinstaller:1.4.0] AndroidManifest.xml:39:13-57
225            <intent-filter>
225-->[androidx.profileinstaller:profileinstaller:1.4.0] AndroidManifest.xml:40:13-42:29
226                <action android:name="androidx.profileinstaller.action.INSTALL_PROFILE" />
226-->[androidx.profileinstaller:profileinstaller:1.4.0] AndroidManifest.xml:41:17-91
226-->[androidx.profileinstaller:profileinstaller:1.4.0] AndroidManifest.xml:41:25-88
227            </intent-filter>
228            <intent-filter>
228-->[androidx.profileinstaller:profileinstaller:1.4.0] AndroidManifest.xml:43:13-45:29
229                <action android:name="androidx.profileinstaller.action.SKIP_FILE" />
229-->[androidx.profileinstaller:profileinstaller:1.4.0] AndroidManifest.xml:44:17-85
229-->[androidx.profileinstaller:profileinstaller:1.4.0] AndroidManifest.xml:44:25-82
230            </intent-filter>
231            <intent-filter>
231-->[androidx.profileinstaller:profileinstaller:1.4.0] AndroidManifest.xml:46:13-48:29
232                <action android:name="androidx.profileinstaller.action.SAVE_PROFILE" />
232-->[androidx.profileinstaller:profileinstaller:1.4.0] AndroidManifest.xml:47:17-88
232-->[androidx.profileinstaller:profileinstaller:1.4.0] AndroidManifest.xml:47:25-85
233            </intent-filter>
234            <intent-filter>
234-->[androidx.profileinstaller:profileinstaller:1.4.0] AndroidManifest.xml:49:13-51:29
235                <action android:name="androidx.profileinstaller.action.BENCHMARK_OPERATION" />
235-->[androidx.profileinstaller:profileinstaller:1.4.0] AndroidManifest.xml:50:17-95
235-->[androidx.profileinstaller:profileinstaller:1.4.0] AndroidManifest.xml:50:25-92
236            </intent-filter>
237        </receiver> <!-- The activities will be merged into the manifest of the hosting app. -->
238        <activity
238-->[com.google.android.play:core-common:2.0.3] AndroidManifest.xml:14:9-18:65
239            android:name="com.google.android.play.core.common.PlayCoreDialogWrapperActivity"
239-->[com.google.android.play:core-common:2.0.3] AndroidManifest.xml:15:13-93
240            android:exported="false"
240-->[com.google.android.play:core-common:2.0.3] AndroidManifest.xml:16:13-37
241            android:stateNotNeeded="true"
241-->[com.google.android.play:core-common:2.0.3] AndroidManifest.xml:17:13-42
242            android:theme="@style/Theme.PlayCore.Transparent" />
242-->[com.google.android.play:core-common:2.0.3] AndroidManifest.xml:18:13-62
243    </application>
244
245</manifest>